{"/Users/dbaughman/projects/complete-intro-to-react/js/Search.js": {"path":"/Users/dbaughman/projects/complete-intro-to-react/js/Search.js","statementMap":{"0":{"start":{"line":5,"column":15},"end":{"line":35,"column":2}},"1":{"start":{"line":7,"column":4},"end":{"line":9,"column":5}},"2":{"start":{"line":12,"column":4},"end":{"line":12,"column":51}},"3":{"start":{"line":15,"column":4},"end":{"line":33,"column":5}},"4":{"start":{"line":24,"column":16},"end":{"line":24,"column":122}},"5":{"start":{"line":27,"column":16},"end":{"line":29,"column":17}}},"fnMap":{"0":{"name":"(anonymous_0)","decl":{"start":{"line":23,"column":22},"end":{"line":23,"column":23}},"loc":{"start":{"line":23,"column":32},"end":{"line":25,"column":15}},"line":23},"1":{"name":"(anonymous_1)","decl":{"start":{"line":26,"column":19},"end":{"line":26,"column":20}},"loc":{"start":{"line":26,"column":29},"end":{"line":30,"column":15}},"line":26}},"branchMap":{},"s":{"0":1,"1":3,"2":1,"3":4,"4":84,"5":65},"f":{"0":84,"1":65},"b":{},"_coverageSchema":"332fd63041d2c1bcb487cc26dd0d5f7d97098a6c","hash":"2c8a8462530cf6e22c0a03daff7a6545a398370c"}
,"/Users/dbaughman/projects/complete-intro-to-react/js/ShowCard.js": {"path":"/Users/dbaughman/projects/complete-intro-to-react/js/ShowCard.js","statementMap":{"0":{"start":{"line":2,"column":19},"end":{"line":2,"column":34}},"1":{"start":{"line":4,"column":17},"end":{"line":24,"column":2}},"2":{"start":{"line":12,"column":49},"end":{"line":12,"column":59}},"3":{"start":{"line":13,"column":4},"end":{"line":22,"column":5}}},"fnMap":{},"branchMap":{},"s":{"0":1,"1":1,"2":0,"3":0},"f":{},"b":{},"_coverageSchema":"332fd63041d2c1bcb487cc26dd0d5f7d97098a6c","hash":"908888fce15cc01fdf396be39eb2132ddb9f7ede"}
}
